<?xml version="1.0" encoding="UTF-8"?>
<!-- Generated by org.testng.reporters.JUnitXMLReporter -->
<testsuite ignored="0" hostname="PC-DEV15" failures="1" tests="1" name="Test version  fr " time="45.31" errors="0" timestamp="2023-07-28T12:18:04 CEST">
  <testcase classname="io.cucumber.testng.AbstractTestNGCucumberTests" name="runScenario" time="39.945">
    <failure type="java.lang.NullPointerException" message="Cannot invoke &amp;quot;com.saphir.platforme.entity.ScenarioProcessus.getDechlencheur()&amp;quot; because &amp;quot;com.saphir.platforme.moduleParametrage.StepDef.PrcessusStepDef.scenarioProcessus&amp;quot; is null">
      <![CDATA[java.lang.NullPointerException: Cannot invoke "com.saphir.platforme.entity.ScenarioProcessus.getDechlencheur()" because "com.saphir.platforme.moduleParametrage.StepDef.PrcessusStepDef.scenarioProcessus" is null
at com.saphir.platforme.moduleParametrage.StepDef.PrcessusStepDef.connecter_en_tant_declencheur_que_de_processus(PrcessusStepDef.java:43)
at ✽.Connecter en tant declencheur que de  processus(file:///E:/qualipro/trunk/platforme_test_automation_backend/src/main/java/com/saphir/platforme/features/Parametrage/Site.feature:16)
]]>
    </failure>
  </testcase> <!-- runScenario -->
</testsuite> <!-- Test version  fr  -->
