<?xml version="1.0" encoding="UTF-8"?>
<testng-results ignored="0" total="1" passed="1" failed="0" skipped="0">
  <reporter-output>
  </reporter-output>
  <suite started-at="2023-07-31T23:07:23 CEST" name="site" finished-at="2023-07-31T23:08:51 CEST" duration-ms="88067">
    <groups>
      <group name="cucumber">
        <method signature="AbstractTestNGCucumberTests.runScenario(io.cucumber.testng.PickleWrapper,io.cucumber.testng.FeatureWrapper)[pri:0, instance:com.saphir.platforme.SiteRunner@7d204011]" name="runScenario" class="io.cucumber.testng.AbstractTestNGCucumberTests"/>
      </group> <!-- cucumber -->
    </groups>
    <test started-at="2023-07-31T23:07:23 CEST" name="Test version  fr " finished-at="2023-07-31T23:08:51 CEST" duration-ms="88067">
      <class name="com.saphir.platforme.SiteRunner">
        <test-method is-config="true" signature="setUpClass(org.testng.ITestContext)[pri:0, instance:com.saphir.platforme.SiteRunner@7d204011]" started-at="2023-07-31T23:07:23 CEST" name="setUpClass" finished-at="2023-07-31T23:07:25 CEST" duration-ms="2523" status="PASS">
          <params>
            <param index="0">
              <value>
                <![CDATA[org.testng.TestRunner@3aaa89a7]]>
              </value>
            </param>
          </params>
          <reporter-output>
          </reporter-output>
        </test-method> <!-- setUpClass -->
        <test-method signature="runScenario(io.cucumber.testng.PickleWrapper,io.cucumber.testng.FeatureWrapper)[pri:0, instance:com.saphir.platforme.SiteRunner@7d204011]" started-at="2023-07-31T23:07:25 CEST" name="runScenario" description="Runs Cucumber Scenarios" data-provider="scenarios" finished-at="2023-07-31T23:08:48 CEST" duration-ms="82608" status="PASS">
          <params>
            <param index="0">
              <value>
                <![CDATA["creation de test  de site"]]>
              </value>
            </param>
            <param index="1">
              <value>
                <![CDATA["creation et  verfication  de  parametrage GRH"]]>
              </value>
            </param>
          </params>
          <reporter-output>
          </reporter-output>
        </test-method> <!-- runScenario -->
        <test-method is-config="true" signature="tearDownClass()[pri:0, instance:com.saphir.platforme.SiteRunner@7d204011]" started-at="2023-07-31T23:08:48 CEST" name="tearDownClass" finished-at="2023-07-31T23:08:51 CEST" duration-ms="2772" status="PASS">
          <reporter-output>
          </reporter-output>
        </test-method> <!-- tearDownClass -->
        <test-method is-config="true" signature="generateReport()[pri:0, instance:com.saphir.platforme.SiteRunner@7d204011]" started-at="2023-07-31T23:08:51 CEST" name="generateReport" finished-at="2023-07-31T23:08:54 CEST" duration-ms="3595" status="PASS">
          <reporter-output>
          </reporter-output>
        </test-method> <!-- generateReport -->
      </class> <!-- com.saphir.platforme.SiteRunner -->
    </test> <!-- Test version  fr  -->
  </suite> <!-- site -->
  <suite started-at="2023-07-31T23:08:55 CEST" name="Default Suite" finished-at="2023-07-31T23:08:55 CEST" duration-ms="0">
    <groups>
    </groups>
  </suite> <!-- Default Suite -->
</testng-results>
