<?xml version="1.0" encoding="UTF-8"?>
<!-- Generated by org.testng.reporters.JUnitReportReporter -->
<testsuite hostname="PC-DEV15" failures="0" tests="1" name="com.saphir.platforme.ProcessusRunner" time="39.945" errors="1" timestamp="2023-07-28T12:18:09 CEST" skipped="0">
  <testcase classname="com.saphir.platforme.ProcessusRunner" name="runScenario" time="39.945">
    <error message="Cannot invoke &quot;com.saphir.platforme.entity.ScenarioProcessus.getDechlencheur()&quot; because &quot;com.saphir.platforme.moduleParametrage.StepDef.PrcessusStepDef.scenarioProcessus&quot; is null" type="java.lang.NullPointerException">
      <![CDATA[java.lang.NullPointerException: Cannot invoke "com.saphir.platforme.entity.ScenarioProcessus.getDechlencheur()" because "com.saphir.platforme.moduleParametrage.StepDef.PrcessusStepDef.scenarioProcessus" is null
at com.saphir.platforme.moduleParametrage.StepDef.PrcessusStepDef.connecter_en_tant_declencheur_que_de_processus(PrcessusStepDef.java:43)
at ✽.Connecter en tant declencheur que de  processus(file:///E:/qualipro/trunk/platforme_test_automation_backend/src/main/java/com/saphir/platforme/features/Parametrage/Site.feature:16)
]]>
    </error>
  </testcase> <!-- runScenario -->
  <system-out/>
</testsuite> <!-- com.saphir.platforme.ProcessusRunner -->
